#! /usr/bin/vvp
:ivl_version "12.0 (stable)";
:ivl_delay_selection "TYPICAL";
:vpi_time_precision + 0;
:vpi_module "/usr/lib/x86_64-linux-gnu/ivl/system.vpi";
:vpi_module "/usr/lib/x86_64-linux-gnu/ivl/vhdl_sys.vpi";
:vpi_module "/usr/lib/x86_64-linux-gnu/ivl/vhdl_textio.vpi";
:vpi_module "/usr/lib/x86_64-linux-gnu/ivl/v2005_math.vpi";
:vpi_module "/usr/lib/x86_64-linux-gnu/ivl/va_math.vpi";
S_0x7fffe7f9e540 .scope module, "sign_int" "sign_int" 2 1;
 .timescale 0 0;
v0x7fffe7f9e6d0_0 .var/i "i", 31 0;
    .scope S_0x7fffe7f9e540;
T_0 ;
    %vpi_call 2 4 "$monitor", "time=%0t : i(binary)=%b : i(decimal)=%d", $time, &PV<v0x7fffe7f9e6d0_0, 0, 8>, v0x7fffe7f9e6d0_0 {0 0 0};
    %pushi/vec4 45, 0, 32;
    %store/vec4 v0x7fffe7f9e6d0_0, 0, 32;
    %delay 10, 0;
    %pushi/vec4 87, 0, 32;
    %store/vec4 v0x7fffe7f9e6d0_0, 0, 32;
    %delay 10, 0;
    %pushi/vec4 12, 0, 32;
    %store/vec4 v0x7fffe7f9e6d0_0, 0, 32;
    %delay 10, 0;
    %vpi_call 2 8 "$finish" {0 0 0};
    %end;
    .thread T_0;
# The file index is used to find the file name in the following table.
:file_names 3;
    "N/A";
    "<interactive>";
    "sign_int.v";
