#! /usr/bin/vvp
:ivl_version "12.0 (stable)";
:ivl_delay_selection "TYPICAL";
:vpi_time_precision - 12;
:vpi_module "/usr/lib/x86_64-linux-gnu/ivl/system.vpi";
:vpi_module "/usr/lib/x86_64-linux-gnu/ivl/vhdl_sys.vpi";
:vpi_module "/usr/lib/x86_64-linux-gnu/ivl/vhdl_textio.vpi";
:vpi_module "/usr/lib/x86_64-linux-gnu/ivl/v2005_math.vpi";
:vpi_module "/usr/lib/x86_64-linux-gnu/ivl/va_math.vpi";
S_0x7fffc7b19a10 .scope module, "mux2to1_tb" "mux2to1_tb" 2 3;
 .timescale -9 -12;
v0x7fffc7b302a0_0 .var "i0", 0 0;
v0x7fffc7b30360_0 .var "i1", 0 0;
v0x7fffc7b30430_0 .var "sel", 0 0;
v0x7fffc7b30530_0 .net "y", 0 0, v0x7fffc7b30130_0;  1 drivers
S_0x7fffc7b19ba0 .scope module, "uut" "mux2to1_beh" 2 7, 3 1 0, S_0x7fffc7b19a10;
 .timescale 0 0;
    .port_info 0 /INPUT 1 "i0";
    .port_info 1 /INPUT 1 "i1";
    .port_info 2 /INPUT 1 "sel";
    .port_info 3 /OUTPUT 1 "y";
v0x7fffc7ae0490_0 .net "i0", 0 0, v0x7fffc7b302a0_0;  1 drivers
v0x7fffc7b2ffa0_0 .net "i1", 0 0, v0x7fffc7b30360_0;  1 drivers
v0x7fffc7b30060_0 .net "sel", 0 0, v0x7fffc7b30430_0;  1 drivers
v0x7fffc7b30130_0 .var "y", 0 0;
E_0x7fffc7ae16a0 .event anyedge, v0x7fffc7b30060_0, v0x7fffc7ae0490_0, v0x7fffc7b2ffa0_0;
    .scope S_0x7fffc7b19ba0;
T_0 ;
    %wait E_0x7fffc7ae16a0;
    %load/vec4 v0x7fffc7b30060_0;
    %pad/u 32;
    %cmpi/e 0, 0, 32;
    %jmp/0xz  T_0.0, 4;
    %load/vec4 v0x7fffc7ae0490_0;
    %store/vec4 v0x7fffc7b30130_0, 0, 1;
    %jmp T_0.1;
T_0.0 ;
    %load/vec4 v0x7fffc7b2ffa0_0;
    %store/vec4 v0x7fffc7b30130_0, 0, 1;
T_0.1 ;
    %jmp T_0;
    .thread T_0, $push;
    .scope S_0x7fffc7b19a10;
T_1 ;
    %vpi_call 2 16 "$dumpfile", "mux2to1.vcd" {0 0 0};
    %vpi_call 2 17 "$dumpvars", 32'sb00000000000000000000000000000000, S_0x7fffc7b19a10 {0 0 0};
    %vpi_call 2 19 "$monitor", "Time=%0t | i0=%b i1=%b sel=%b | y=%b", $time, v0x7fffc7b302a0_0, v0x7fffc7b30360_0, v0x7fffc7b30430_0, v0x7fffc7b30530_0 {0 0 0};
    %pushi/vec4 0, 0, 1;
    %store/vec4 v0x7fffc7b302a0_0, 0, 1;
    %pushi/vec4 0, 0, 1;
    %store/vec4 v0x7fffc7b30360_0, 0, 1;
    %pushi/vec4 0, 0, 1;
    %store/vec4 v0x7fffc7b30430_0, 0, 1;
    %delay 10000, 0;
    %pushi/vec4 0, 0, 1;
    %store/vec4 v0x7fffc7b302a0_0, 0, 1;
    %pushi/vec4 1, 0, 1;
    %store/vec4 v0x7fffc7b30360_0, 0, 1;
    %pushi/vec4 0, 0, 1;
    %store/vec4 v0x7fffc7b30430_0, 0, 1;
    %delay 10000, 0;
    %pushi/vec4 1, 0, 1;
    %store/vec4 v0x7fffc7b302a0_0, 0, 1;
    %pushi/vec4 0, 0, 1;
    %store/vec4 v0x7fffc7b30360_0, 0, 1;
    %pushi/vec4 0, 0, 1;
    %store/vec4 v0x7fffc7b30430_0, 0, 1;
    %delay 10000, 0;
    %pushi/vec4 1, 0, 1;
    %store/vec4 v0x7fffc7b302a0_0, 0, 1;
    %pushi/vec4 1, 0, 1;
    %store/vec4 v0x7fffc7b30360_0, 0, 1;
    %pushi/vec4 0, 0, 1;
    %store/vec4 v0x7fffc7b30430_0, 0, 1;
    %delay 10000, 0;
    %pushi/vec4 0, 0, 1;
    %store/vec4 v0x7fffc7b302a0_0, 0, 1;
    %pushi/vec4 0, 0, 1;
    %store/vec4 v0x7fffc7b30360_0, 0, 1;
    %pushi/vec4 1, 0, 1;
    %store/vec4 v0x7fffc7b30430_0, 0, 1;
    %delay 10000, 0;
    %pushi/vec4 0, 0, 1;
    %store/vec4 v0x7fffc7b302a0_0, 0, 1;
    %pushi/vec4 1, 0, 1;
    %store/vec4 v0x7fffc7b30360_0, 0, 1;
    %pushi/vec4 1, 0, 1;
    %store/vec4 v0x7fffc7b30430_0, 0, 1;
    %delay 10000, 0;
    %pushi/vec4 1, 0, 1;
    %store/vec4 v0x7fffc7b302a0_0, 0, 1;
    %pushi/vec4 0, 0, 1;
    %store/vec4 v0x7fffc7b30360_0, 0, 1;
    %pushi/vec4 1, 0, 1;
    %store/vec4 v0x7fffc7b30430_0, 0, 1;
    %delay 10000, 0;
    %pushi/vec4 1, 0, 1;
    %store/vec4 v0x7fffc7b302a0_0, 0, 1;
    %pushi/vec4 1, 0, 1;
    %store/vec4 v0x7fffc7b30360_0, 0, 1;
    %pushi/vec4 1, 0, 1;
    %store/vec4 v0x7fffc7b30430_0, 0, 1;
    %delay 10000, 0;
    %vpi_call 2 30 "$finish" {0 0 0};
    %end;
    .thread T_1;
# The file index is used to find the file name in the following table.
:file_names 4;
    "N/A";
    "<interactive>";
    "mux2to1_tb.v";
    "mux2to1_beh.v";
