#! /usr/bin/vvp
:ivl_version "12.0 (stable)";
:ivl_delay_selection "TYPICAL";
:vpi_time_precision + 0;
:vpi_module "/usr/lib/x86_64-linux-gnu/ivl/system.vpi";
:vpi_module "/usr/lib/x86_64-linux-gnu/ivl/vhdl_sys.vpi";
:vpi_module "/usr/lib/x86_64-linux-gnu/ivl/vhdl_textio.vpi";
:vpi_module "/usr/lib/x86_64-linux-gnu/ivl/v2005_math.vpi";
:vpi_module "/usr/lib/x86_64-linux-gnu/ivl/va_math.vpi";
S_0x7fffcf195790 .scope module, "tb_full_adder" "tb_full_adder" 2 1;
 .timescale 0 0;
v0x7fffcf1abf20_0 .var "a", 0 0;
v0x7fffcf1abfe0_0 .var "b", 0 0;
v0x7fffcf1ac0b0_0 .var "cin", 0 0;
v0x7fffcf1ac1b0_0 .net "cout", 0 0, L_0x7fffcf1ac720;  1 drivers
v0x7fffcf1ac280_0 .net "sum", 0 0, L_0x7fffcf1ac4b0;  1 drivers
S_0x7fffcf195920 .scope module, "uut" "full_adder" 2 5, 3 1 0, S_0x7fffcf195790;
 .timescale 0 0;
    .port_info 0 /INPUT 1 "a";
    .port_info 1 /INPUT 1 "b";
    .port_info 2 /INPUT 1 "cin";
    .port_info 3 /OUTPUT 1 "sum";
    .port_info 4 /OUTPUT 1 "cout";
L_0x7fffcf1ac370 .functor XOR 1, v0x7fffcf1abf20_0, v0x7fffcf1abfe0_0, C4<0>, C4<0>;
L_0x7fffcf1ac4b0 .functor XOR 1, L_0x7fffcf1ac370, v0x7fffcf1ac0b0_0, C4<0>, C4<0>;
L_0x7fffcf1ac610 .functor AND 1, v0x7fffcf1abf20_0, v0x7fffcf1abfe0_0, C4<1>, C4<1>;
L_0x7fffcf1ac680 .functor AND 1, L_0x7fffcf1ac370, v0x7fffcf1ac0b0_0, C4<1>, C4<1>;
L_0x7fffcf1ac720 .functor OR 1, L_0x7fffcf1ac610, L_0x7fffcf1ac680, C4<0>, C4<0>;
v0x7fffcf195fa0_0 .net "a", 0 0, v0x7fffcf1abf20_0;  1 drivers
v0x7fffcf1ab8e0_0 .net "b", 0 0, v0x7fffcf1abfe0_0;  1 drivers
v0x7fffcf1ab9a0_0 .net "cin", 0 0, v0x7fffcf1ac0b0_0;  1 drivers
v0x7fffcf1aba70_0 .net "cout", 0 0, L_0x7fffcf1ac720;  alias, 1 drivers
v0x7fffcf1abb30_0 .net "sum", 0 0, L_0x7fffcf1ac4b0;  alias, 1 drivers
v0x7fffcf1abc40_0 .net "w1", 0 0, L_0x7fffcf1ac370;  1 drivers
v0x7fffcf1abd00_0 .net "w2", 0 0, L_0x7fffcf1ac610;  1 drivers
v0x7fffcf1abdc0_0 .net "w3", 0 0, L_0x7fffcf1ac680;  1 drivers
    .scope S_0x7fffcf195790;
T_0 ;
    %vpi_call 2 7 "$display", "A B Cin | Sum Cout" {0 0 0};
    %vpi_call 2 8 "$monitor", "%b %b  %b  |  %b   %b", v0x7fffcf1abf20_0, v0x7fffcf1abfe0_0, v0x7fffcf1ac0b0_0, v0x7fffcf1ac280_0, v0x7fffcf1ac1b0_0 {0 0 0};
    %pushi/vec4 0, 0, 1;
    %store/vec4 v0x7fffcf1abf20_0, 0, 1;
    %pushi/vec4 0, 0, 1;
    %store/vec4 v0x7fffcf1abfe0_0, 0, 1;
    %pushi/vec4 0, 0, 1;
    %store/vec4 v0x7fffcf1ac0b0_0, 0, 1;
    %delay 10, 0;
    %pushi/vec4 0, 0, 1;
    %store/vec4 v0x7fffcf1abf20_0, 0, 1;
    %pushi/vec4 0, 0, 1;
    %store/vec4 v0x7fffcf1abfe0_0, 0, 1;
    %pushi/vec4 1, 0, 1;
    %store/vec4 v0x7fffcf1ac0b0_0, 0, 1;
    %delay 10, 0;
    %pushi/vec4 0, 0, 1;
    %store/vec4 v0x7fffcf1abf20_0, 0, 1;
    %pushi/vec4 1, 0, 1;
    %store/vec4 v0x7fffcf1abfe0_0, 0, 1;
    %pushi/vec4 0, 0, 1;
    %store/vec4 v0x7fffcf1ac0b0_0, 0, 1;
    %delay 10, 0;
    %pushi/vec4 0, 0, 1;
    %store/vec4 v0x7fffcf1abf20_0, 0, 1;
    %pushi/vec4 1, 0, 1;
    %store/vec4 v0x7fffcf1abfe0_0, 0, 1;
    %pushi/vec4 1, 0, 1;
    %store/vec4 v0x7fffcf1ac0b0_0, 0, 1;
    %delay 10, 0;
    %pushi/vec4 1, 0, 1;
    %store/vec4 v0x7fffcf1abf20_0, 0, 1;
    %pushi/vec4 0, 0, 1;
    %store/vec4 v0x7fffcf1abfe0_0, 0, 1;
    %pushi/vec4 0, 0, 1;
    %store/vec4 v0x7fffcf1ac0b0_0, 0, 1;
    %delay 10, 0;
    %pushi/vec4 1, 0, 1;
    %store/vec4 v0x7fffcf1abf20_0, 0, 1;
    %pushi/vec4 0, 0, 1;
    %store/vec4 v0x7fffcf1abfe0_0, 0, 1;
    %pushi/vec4 1, 0, 1;
    %store/vec4 v0x7fffcf1ac0b0_0, 0, 1;
    %delay 10, 0;
    %pushi/vec4 1, 0, 1;
    %store/vec4 v0x7fffcf1abf20_0, 0, 1;
    %pushi/vec4 1, 0, 1;
    %store/vec4 v0x7fffcf1abfe0_0, 0, 1;
    %pushi/vec4 0, 0, 1;
    %store/vec4 v0x7fffcf1ac0b0_0, 0, 1;
    %delay 10, 0;
    %pushi/vec4 1, 0, 1;
    %store/vec4 v0x7fffcf1abf20_0, 0, 1;
    %pushi/vec4 1, 0, 1;
    %store/vec4 v0x7fffcf1abfe0_0, 0, 1;
    %pushi/vec4 1, 0, 1;
    %store/vec4 v0x7fffcf1ac0b0_0, 0, 1;
    %delay 10, 0;
    %vpi_call 2 18 "$finish" {0 0 0};
    %end;
    .thread T_0;
# The file index is used to find the file name in the following table.
:file_names 4;
    "N/A";
    "<interactive>";
    "tb_full_adder.v";
    "full_adder.v";
