#! /usr/bin/vvp
:ivl_version "12.0 (stable)";
:ivl_delay_selection "TYPICAL";
:vpi_time_precision + 0;
:vpi_module "/usr/lib/x86_64-linux-gnu/ivl/system.vpi";
:vpi_module "/usr/lib/x86_64-linux-gnu/ivl/vhdl_sys.vpi";
:vpi_module "/usr/lib/x86_64-linux-gnu/ivl/vhdl_textio.vpi";
:vpi_module "/usr/lib/x86_64-linux-gnu/ivl/v2005_math.vpi";
:vpi_module "/usr/lib/x86_64-linux-gnu/ivl/va_math.vpi";
S_0x7fffddf00510 .scope module, "memory_2d" "memory_2d" 2 1;
 .timescale 0 0;
v0x7fffddf251c0_0 .var/i "i", 31 0;
v0x7fffddf4dcc0_0 .var/i "j", 31 0;
v0x7fffddf4dda0 .array "mem", 15 0, 7 0;
    .scope S_0x7fffddf00510;
T_0 ;
    %pushi/vec4 0, 0, 32;
    %store/vec4 v0x7fffddf251c0_0, 0, 32;
T_0.0 ;
    %load/vec4 v0x7fffddf251c0_0;
    %cmpi/s 4, 0, 32;
    %jmp/0xz T_0.1, 5;
    %pushi/vec4 0, 0, 32;
    %store/vec4 v0x7fffddf4dcc0_0, 0, 32;
T_0.2 ;
    %load/vec4 v0x7fffddf4dcc0_0;
    %cmpi/s 4, 0, 32;
    %jmp/0xz T_0.3, 5;
    %load/vec4 v0x7fffddf251c0_0;
    %muli 10, 0, 32;
    %load/vec4 v0x7fffddf4dcc0_0;
    %add;
    %pad/s 8;
    %load/vec4 v0x7fffddf251c0_0;
    %pad/s 35;
    %pad/s 37;
    %muli 4, 0, 37;
    %pad/s 38;
    %load/vec4 v0x7fffddf4dcc0_0;
    %pad/s 38;
    %add;
    %ix/vec4/s 4;
    %store/vec4a v0x7fffddf4dda0, 4, 0;
    %load/vec4 v0x7fffddf4dcc0_0;
    %addi 1, 0, 32;
    %store/vec4 v0x7fffddf4dcc0_0, 0, 32;
    %jmp T_0.2;
T_0.3 ;
    %load/vec4 v0x7fffddf251c0_0;
    %addi 1, 0, 32;
    %store/vec4 v0x7fffddf251c0_0, 0, 32;
    %jmp T_0.0;
T_0.1 ;
    %vpi_call 2 10 "$display", "2D Memory Contents:" {0 0 0};
    %pushi/vec4 0, 0, 32;
    %store/vec4 v0x7fffddf251c0_0, 0, 32;
T_0.4 ;
    %load/vec4 v0x7fffddf251c0_0;
    %cmpi/s 4, 0, 32;
    %jmp/0xz T_0.5, 5;
    %pushi/vec4 0, 0, 32;
    %store/vec4 v0x7fffddf4dcc0_0, 0, 32;
T_0.6 ;
    %load/vec4 v0x7fffddf4dcc0_0;
    %cmpi/s 4, 0, 32;
    %jmp/0xz T_0.7, 5;
    %load/vec4 v0x7fffddf251c0_0;
    %pad/s 35;
    %pad/s 37;
    %muli 4, 0, 37;
    %pad/s 38;
    %load/vec4 v0x7fffddf4dcc0_0;
    %pad/s 38;
    %add;
    %ix/vec4/s 4;
    %load/vec4a v0x7fffddf4dda0, 4;
    %vpi_call 2 13 "$write", "%0d ", S<0,vec4,u8> {1 0 0};
    %load/vec4 v0x7fffddf4dcc0_0;
    %addi 1, 0, 32;
    %store/vec4 v0x7fffddf4dcc0_0, 0, 32;
    %jmp T_0.6;
T_0.7 ;
    %vpi_call 2 15 "$write", "\012" {0 0 0};
    %load/vec4 v0x7fffddf251c0_0;
    %addi 1, 0, 32;
    %store/vec4 v0x7fffddf251c0_0, 0, 32;
    %jmp T_0.4;
T_0.5 ;
    %vpi_call 2 17 "$display", "\012Specific values:" {0 0 0};
    %vpi_call 2 18 "$display", "mem[3][2] = %0d", &A<v0x7fffddf4dda0, 14> {0 0 0};
    %vpi_call 2 19 "$display", "mem[1][1] = %0d", &A<v0x7fffddf4dda0, 5> {0 0 0};
    %vpi_call 2 20 "$display", "mem[0][3] = %0d", &A<v0x7fffddf4dda0, 3> {0 0 0};
    %vpi_call 2 21 "$finish" {0 0 0};
    %end;
    .thread T_0;
# The file index is used to find the file name in the following table.
:file_names 3;
    "N/A";
    "<interactive>";
    "memory_2d.v";
