#! /usr/bin/vvp
:ivl_version "12.0 (stable)";
:ivl_delay_selection "TYPICAL";
:vpi_time_precision + 0;
:vpi_module "/usr/lib/x86_64-linux-gnu/ivl/system.vpi";
:vpi_module "/usr/lib/x86_64-linux-gnu/ivl/vhdl_sys.vpi";
:vpi_module "/usr/lib/x86_64-linux-gnu/ivl/vhdl_textio.vpi";
:vpi_module "/usr/lib/x86_64-linux-gnu/ivl/v2005_math.vpi";
:vpi_module "/usr/lib/x86_64-linux-gnu/ivl/va_math.vpi";
S_0x7fffdffea440 .scope module, "tb_siso" "tb_siso" 2 1;
 .timescale 0 0;
v0x7fffe00127c0_0 .var "clk", 0 0;
v0x7fffe0012880_0 .var "reset", 0 0;
v0x7fffe0012950_0 .var "serial_in", 0 0;
v0x7fffe0012a50_0 .net "serial_out", 0 0, L_0x7fffe0012b20;  1 drivers
S_0x7fffdfffd220 .scope module, "uut" "siso" 2 8, 3 1 0, S_0x7fffdffea440;
 .timescale 0 0;
    .port_info 0 /INPUT 1 "clk";
    .port_info 1 /INPUT 1 "reset";
    .port_info 2 /INPUT 1 "serial_in";
    .port_info 3 /OUTPUT 1 "serial_out";
v0x7fffdfffd470_0 .net "clk", 0 0, v0x7fffe00127c0_0;  1 drivers
v0x7fffe00123f0_0 .net "reset", 0 0, v0x7fffe0012880_0;  1 drivers
v0x7fffe00124b0_0 .net "serial_in", 0 0, v0x7fffe0012950_0;  1 drivers
v0x7fffe0012550_0 .net "serial_out", 0 0, L_0x7fffe0012b20;  alias, 1 drivers
v0x7fffe0012610_0 .var "shift_reg", 3 0;
E_0x7fffdffc3b40 .event posedge, v0x7fffdfffd470_0;
L_0x7fffe0012b20 .part v0x7fffe0012610_0, 3, 1;
    .scope S_0x7fffdfffd220;
T_0 ;
    %wait E_0x7fffdffc3b40;
    %load/vec4 v0x7fffe00123f0_0;
    %flag_set/vec4 8;
    %jmp/0xz  T_0.0, 8;
    %pushi/vec4 0, 0, 4;
    %assign/vec4 v0x7fffe0012610_0, 0;
    %jmp T_0.1;
T_0.0 ;
    %load/vec4 v0x7fffe0012610_0;
    %parti/s 3, 0, 2;
    %load/vec4 v0x7fffe00124b0_0;
    %concat/vec4; draw_concat_vec4
    %assign/vec4 v0x7fffe0012610_0, 0;
T_0.1 ;
    %jmp T_0;
    .thread T_0;
    .scope S_0x7fffdffea440;
T_1 ;
    %pushi/vec4 0, 0, 1;
    %store/vec4 v0x7fffe00127c0_0, 0, 1;
T_1.0 ;
    %delay 5, 0;
    %load/vec4 v0x7fffe00127c0_0;
    %inv;
    %store/vec4 v0x7fffe00127c0_0, 0, 1;
    %jmp T_1.0;
    %end;
    .thread T_1;
    .scope S_0x7fffdffea440;
T_2 ;
    %vpi_call 2 24 "$dumpfile", "siso.vcd" {0 0 0};
    %vpi_call 2 25 "$dumpvars", 32'sb00000000000000000000000000000000, S_0x7fffdffea440 {0 0 0};
    %vpi_call 2 27 "$display", "Time\011 clk reset serial_in serial_out" {0 0 0};
    %vpi_call 2 28 "$monitor", "%0t\011 %b  %b  %b  %b", $time, v0x7fffe00127c0_0, v0x7fffe0012880_0, v0x7fffe0012950_0, v0x7fffe0012a50_0 {0 0 0};
    %pushi/vec4 1, 0, 1;
    %store/vec4 v0x7fffe0012880_0, 0, 1;
    %pushi/vec4 0, 0, 1;
    %store/vec4 v0x7fffe0012950_0, 0, 1;
    %delay 10, 0;
    %pushi/vec4 0, 0, 1;
    %store/vec4 v0x7fffe0012880_0, 0, 1;
    %pushi/vec4 1, 0, 1;
    %store/vec4 v0x7fffe0012950_0, 0, 1;
    %delay 10, 0;
    %pushi/vec4 0, 0, 1;
    %store/vec4 v0x7fffe0012950_0, 0, 1;
    %delay 10, 0;
    %pushi/vec4 1, 0, 1;
    %store/vec4 v0x7fffe0012950_0, 0, 1;
    %delay 10, 0;
    %pushi/vec4 1, 0, 1;
    %store/vec4 v0x7fffe0012950_0, 0, 1;
    %delay 10, 0;
    %pushi/vec4 0, 0, 1;
    %store/vec4 v0x7fffe0012950_0, 0, 1;
    %delay 10, 0;
    %pushi/vec4 1, 0, 1;
    %store/vec4 v0x7fffe0012950_0, 0, 1;
    %delay 10, 0;
    %delay 50, 0;
    %vpi_call 2 44 "$finish" {0 0 0};
    %end;
    .thread T_2;
# The file index is used to find the file name in the following table.
:file_names 4;
    "N/A";
    "<interactive>";
    "tb_siso.v";
    "siso.v";
