#! /usr/bin/vvp
:ivl_version "12.0 (stable)";
:ivl_delay_selection "TYPICAL";
:vpi_time_precision - 12;
:vpi_module "/usr/lib/x86_64-linux-gnu/ivl/system.vpi";
:vpi_module "/usr/lib/x86_64-linux-gnu/ivl/vhdl_sys.vpi";
:vpi_module "/usr/lib/x86_64-linux-gnu/ivl/vhdl_textio.vpi";
:vpi_module "/usr/lib/x86_64-linux-gnu/ivl/v2005_math.vpi";
:vpi_module "/usr/lib/x86_64-linux-gnu/ivl/va_math.vpi";
S_0x7fffeba59dc0 .scope module, "tb" "tb" 2 3;
 .timescale -9 -12;
v0x7fffeba8a620_0 .var "A", 0 0;
v0x7fffeba8a6c0_0 .var "B", 0 0;
v0x7fffeba8a780_0 .net "Y_and", 0 0, L_0x7fffeba8ae40;  1 drivers
v0x7fffeba8a8a0_0 .net "Y_nand", 0 0, L_0x7fffeba8b050;  1 drivers
v0x7fffeba8a990_0 .net "Y_nor", 0 0, L_0x7fffeba8b220;  1 drivers
v0x7fffeba8aad0_0 .net "Y_or", 0 0, L_0x7fffeba8af20;  1 drivers
v0x7fffeba8abc0_0 .net "Y_xnor", 0 0, L_0x7fffeba8b9d0;  1 drivers
v0x7fffeba8acb0_0 .net "Y_xor", 0 0, L_0x7fffeba8b600;  1 drivers
v0x7fffeba8ada0_0 .var/i "i", 31 0;
S_0x7fffeba2a490 .scope module, "U_and" "and_via_mux" 2 8, 3 11 0, S_0x7fffeba59dc0;
 .timescale 0 0;
    .port_info 0 /INPUT 1 "A";
    .port_info 1 /INPUT 1 "B";
    .port_info 2 /OUTPUT 1 "Y";
v0x7fffeba86d80_0 .net "A", 0 0, v0x7fffeba8a620_0;  1 drivers
v0x7fffeba86e40_0 .net "B", 0 0, v0x7fffeba8a6c0_0;  1 drivers
v0x7fffeba86ee0_0 .net "Y", 0 0, L_0x7fffeba8ae40;  alias, 1 drivers
S_0x7fffeba2a6c0 .scope module, "m" "mux2" 3 12, 3 1 0, S_0x7fffeba2a490;
 .timescale 0 0;
    .port_info 0 /INPUT 1 "sel";
    .port_info 1 /INPUT 1 "d0";
    .port_info 2 /INPUT 1 "d1";
    .port_info 3 /OUTPUT 1 "y";
L_0x7faae53f0018 .functor BUFT 1, C4<0>, C4<0>, C4<0>, C4<0>;
v0x7fffeba6a430_0 .net "d0", 0 0, L_0x7faae53f0018;  1 drivers
v0x7fffeba6a5b0_0 .net "d1", 0 0, v0x7fffeba8a6c0_0;  alias, 1 drivers
v0x7fffeba86ba0_0 .net "sel", 0 0, v0x7fffeba8a620_0;  alias, 1 drivers
v0x7fffeba86c40_0 .net "y", 0 0, L_0x7fffeba8ae40;  alias, 1 drivers
L_0x7fffeba8ae40 .functor MUXZ 1, L_0x7faae53f0018, v0x7fffeba8a6c0_0, v0x7fffeba8a620_0, C4<>;
S_0x7fffeba86fb0 .scope module, "U_nand" "nand_via_mux" 2 10, 3 21 0, S_0x7fffeba59dc0;
 .timescale 0 0;
    .port_info 0 /INPUT 1 "A";
    .port_info 1 /INPUT 1 "B";
    .port_info 2 /OUTPUT 1 "Y";
L_0x7fffeba8b160 .functor NOT 1, v0x7fffeba8a6c0_0, C4<0>, C4<0>, C4<0>;
v0x7fffeba87860_0 .net "A", 0 0, v0x7fffeba8a620_0;  alias, 1 drivers
v0x7fffeba87920_0 .net "B", 0 0, v0x7fffeba8a6c0_0;  alias, 1 drivers
v0x7fffeba87a30_0 .net "Y", 0 0, L_0x7fffeba8b050;  alias, 1 drivers
S_0x7fffeba871e0 .scope module, "m" "mux2" 3 22, 3 1 0, S_0x7fffeba86fb0;
 .timescale 0 0;
    .port_info 0 /INPUT 1 "sel";
    .port_info 1 /INPUT 1 "d0";
    .port_info 2 /INPUT 1 "d1";
    .port_info 3 /OUTPUT 1 "y";
L_0x7faae53f00a8 .functor BUFT 1, C4<1>, C4<0>, C4<0>, C4<0>;
v0x7fffeba87480_0 .net "d0", 0 0, L_0x7faae53f00a8;  1 drivers
v0x7fffeba87560_0 .net "d1", 0 0, L_0x7fffeba8b160;  1 drivers
v0x7fffeba87620_0 .net "sel", 0 0, v0x7fffeba8a620_0;  alias, 1 drivers
v0x7fffeba87740_0 .net "y", 0 0, L_0x7fffeba8b050;  alias, 1 drivers
L_0x7fffeba8b050 .functor MUXZ 1, L_0x7faae53f00a8, L_0x7fffeba8b160, v0x7fffeba8a620_0, C4<>;
S_0x7fffeba87af0 .scope module, "U_nor" "nor_via_mux" 2 11, 3 26 0, S_0x7fffeba59dc0;
 .timescale 0 0;
    .port_info 0 /INPUT 1 "A";
    .port_info 1 /INPUT 1 "B";
    .port_info 2 /OUTPUT 1 "Y";
L_0x7fffeba8b4f0 .functor NOT 1, v0x7fffeba8a6c0_0, C4<0>, C4<0>, C4<0>;
v0x7fffeba88390_0 .net "A", 0 0, v0x7fffeba8a620_0;  alias, 1 drivers
v0x7fffeba88450_0 .net "B", 0 0, v0x7fffeba8a6c0_0;  alias, 1 drivers
v0x7fffeba88510_0 .net "Y", 0 0, L_0x7fffeba8b220;  alias, 1 drivers
S_0x7fffeba87d50 .scope module, "m" "mux2" 3 27, 3 1 0, S_0x7fffeba87af0;
 .timescale 0 0;
    .port_info 0 /INPUT 1 "sel";
    .port_info 1 /INPUT 1 "d0";
    .port_info 2 /INPUT 1 "d1";
    .port_info 3 /OUTPUT 1 "y";
v0x7fffeba87fd0_0 .net "d0", 0 0, L_0x7fffeba8b4f0;  1 drivers
L_0x7faae53f00f0 .functor BUFT 1, C4<0>, C4<0>, C4<0>, C4<0>;
v0x7fffeba880b0_0 .net "d1", 0 0, L_0x7faae53f00f0;  1 drivers
v0x7fffeba88170_0 .net "sel", 0 0, v0x7fffeba8a620_0;  alias, 1 drivers
v0x7fffeba88240_0 .net "y", 0 0, L_0x7fffeba8b220;  alias, 1 drivers
L_0x7fffeba8b220 .functor MUXZ 1, L_0x7fffeba8b4f0, L_0x7faae53f00f0, v0x7fffeba8a620_0, C4<>;
S_0x7fffeba88600 .scope module, "U_or" "or_via_mux" 2 9, 3 16 0, S_0x7fffeba59dc0;
 .timescale 0 0;
    .port_info 0 /INPUT 1 "A";
    .port_info 1 /INPUT 1 "B";
    .port_info 2 /OUTPUT 1 "Y";
v0x7fffeba88e20_0 .net "A", 0 0, v0x7fffeba8a620_0;  alias, 1 drivers
v0x7fffeba88ee0_0 .net "B", 0 0, v0x7fffeba8a6c0_0;  alias, 1 drivers
v0x7fffeba88fa0_0 .net "Y", 0 0, L_0x7fffeba8af20;  alias, 1 drivers
S_0x7fffeba887e0 .scope module, "m" "mux2" 3 17, 3 1 0, S_0x7fffeba88600;
 .timescale 0 0;
    .port_info 0 /INPUT 1 "sel";
    .port_info 1 /INPUT 1 "d0";
    .port_info 2 /INPUT 1 "d1";
    .port_info 3 /OUTPUT 1 "y";
v0x7fffeba88a80_0 .net "d0", 0 0, v0x7fffeba8a6c0_0;  alias, 1 drivers
L_0x7faae53f0060 .functor BUFT 1, C4<1>, C4<0>, C4<0>, C4<0>;
v0x7fffeba88b40_0 .net "d1", 0 0, L_0x7faae53f0060;  1 drivers
v0x7fffeba88c00_0 .net "sel", 0 0, v0x7fffeba8a620_0;  alias, 1 drivers
v0x7fffeba88cd0_0 .net "y", 0 0, L_0x7fffeba8af20;  alias, 1 drivers
L_0x7fffeba8af20 .functor MUXZ 1, v0x7fffeba8a6c0_0, L_0x7faae53f0060, v0x7fffeba8a620_0, C4<>;
S_0x7fffeba89090 .scope module, "U_xnor" "xnor_via_mux" 2 13, 3 36 0, S_0x7fffeba59dc0;
 .timescale 0 0;
    .port_info 0 /INPUT 1 "A";
    .port_info 1 /INPUT 1 "B";
    .port_info 2 /OUTPUT 1 "Y";
L_0x7fffeba8bab0 .functor NOT 1, v0x7fffeba8a6c0_0, C4<0>, C4<0>, C4<0>;
v0x7fffeba898d0_0 .net "A", 0 0, v0x7fffeba8a620_0;  alias, 1 drivers
v0x7fffeba89990_0 .net "B", 0 0, v0x7fffeba8a6c0_0;  alias, 1 drivers
v0x7fffeba89a50_0 .net "Y", 0 0, L_0x7fffeba8b9d0;  alias, 1 drivers
S_0x7fffeba892c0 .scope module, "m" "mux2" 3 37, 3 1 0, S_0x7fffeba89090;
 .timescale 0 0;
    .port_info 0 /INPUT 1 "sel";
    .port_info 1 /INPUT 1 "d0";
    .port_info 2 /INPUT 1 "d1";
    .port_info 3 /OUTPUT 1 "y";
v0x7fffeba89530_0 .net "d0", 0 0, L_0x7fffeba8bab0;  1 drivers
v0x7fffeba89610_0 .net "d1", 0 0, v0x7fffeba8a6c0_0;  alias, 1 drivers
v0x7fffeba896d0_0 .net "sel", 0 0, v0x7fffeba8a620_0;  alias, 1 drivers
v0x7fffeba897a0_0 .net "y", 0 0, L_0x7fffeba8b9d0;  alias, 1 drivers
L_0x7fffeba8b9d0 .functor MUXZ 1, L_0x7fffeba8bab0, v0x7fffeba8a6c0_0, v0x7fffeba8a620_0, C4<>;
S_0x7fffeba89b40 .scope module, "U_xor" "xor_via_mux" 2 12, 3 31 0, S_0x7fffeba59dc0;
 .timescale 0 0;
    .port_info 0 /INPUT 1 "A";
    .port_info 1 /INPUT 1 "B";
    .port_info 2 /OUTPUT 1 "Y";
L_0x7fffeba8b6e0 .functor NOT 1, v0x7fffeba8a6c0_0, C4<0>, C4<0>, C4<0>;
v0x7fffeba8a3b0_0 .net "A", 0 0, v0x7fffeba8a620_0;  alias, 1 drivers
v0x7fffeba8a470_0 .net "B", 0 0, v0x7fffeba8a6c0_0;  alias, 1 drivers
v0x7fffeba8a530_0 .net "Y", 0 0, L_0x7fffeba8b600;  alias, 1 drivers
S_0x7fffeba89d70 .scope module, "m" "mux2" 3 32, 3 1 0, S_0x7fffeba89b40;
 .timescale 0 0;
    .port_info 0 /INPUT 1 "sel";
    .port_info 1 /INPUT 1 "d0";
    .port_info 2 /INPUT 1 "d1";
    .port_info 3 /OUTPUT 1 "y";
v0x7fffeba8a010_0 .net "d0", 0 0, v0x7fffeba8a6c0_0;  alias, 1 drivers
v0x7fffeba8a0d0_0 .net "d1", 0 0, L_0x7fffeba8b6e0;  1 drivers
v0x7fffeba8a190_0 .net "sel", 0 0, v0x7fffeba8a620_0;  alias, 1 drivers
v0x7fffeba8a260_0 .net "y", 0 0, L_0x7fffeba8b600;  alias, 1 drivers
L_0x7fffeba8b600 .functor MUXZ 1, v0x7fffeba8a6c0_0, L_0x7fffeba8b6e0, v0x7fffeba8a620_0, C4<>;
    .scope S_0x7fffeba59dc0;
T_0 ;
    %vpi_call 2 18 "$dumpfile", "mux_gates.vcd" {0 0 0};
    %vpi_call 2 19 "$dumpvars", 32'sb00000000000000000000000000000000, S_0x7fffeba59dc0 {0 0 0};
    %vpi_call 2 21 "$display", "Time  A B | AND OR NAND NOR XOR XNOR" {0 0 0};
    %pushi/vec4 0, 0, 32;
    %store/vec4 v0x7fffeba8ada0_0, 0, 32;
T_0.0 ;
    %load/vec4 v0x7fffeba8ada0_0;
    %cmpi/s 4, 0, 32;
    %jmp/0xz T_0.1, 5;
    %load/vec4 v0x7fffeba8ada0_0;
    %pad/s 2;
    %split/vec4 1;
    %store/vec4 v0x7fffeba8a6c0_0, 0, 1;
    %store/vec4 v0x7fffeba8a620_0, 0, 1;
    %delay 1000, 0;
    %vpi_call 2 26 "$display", "%4t   %b %b |  %b   %b    %b    %b   %b    %b", $time, v0x7fffeba8a620_0, v0x7fffeba8a6c0_0, v0x7fffeba8a780_0, v0x7fffeba8aad0_0, v0x7fffeba8a8a0_0, v0x7fffeba8a990_0, v0x7fffeba8acb0_0, v0x7fffeba8abc0_0 {0 0 0};
    %load/vec4 v0x7fffeba8ada0_0;
    %addi 1, 0, 32;
    %store/vec4 v0x7fffeba8ada0_0, 0, 32;
    %jmp T_0.0;
T_0.1 ;
    %delay 1000, 0;
    %vpi_call 2 29 "$finish" {0 0 0};
    %end;
    .thread T_0;
# The file index is used to find the file name in the following table.
:file_names 4;
    "N/A";
    "<interactive>";
    "tb_mux_gates.v";
    "mux_gates.v";
