#! /usr/bin/vvp
:ivl_version "12.0 (stable)";
:ivl_delay_selection "TYPICAL";
:vpi_time_precision + 0;
:vpi_module "/usr/lib/x86_64-linux-gnu/ivl/system.vpi";
:vpi_module "/usr/lib/x86_64-linux-gnu/ivl/vhdl_sys.vpi";
:vpi_module "/usr/lib/x86_64-linux-gnu/ivl/vhdl_textio.vpi";
:vpi_module "/usr/lib/x86_64-linux-gnu/ivl/v2005_math.vpi";
:vpi_module "/usr/lib/x86_64-linux-gnu/ivl/va_math.vpi";
S_0x7fffd05dd680 .scope module, "tb_pipo_async" "tb_pipo_async" 2 1;
 .timescale 0 0;
v0x7fffd0606bf0_0 .var "clk", 0 0;
v0x7fffd0606cb0_0 .var "load", 0 0;
v0x7fffd0606d80_0 .var "parallel_in", 3 0;
v0x7fffd0606e80_0 .net "parallel_out", 3 0, v0x7fffd0606960_0;  1 drivers
v0x7fffd0606f50_0 .var "reset", 0 0;
S_0x7fffd05f0440 .scope module, "uut" "pipo_async" 2 7, 3 1 0, S_0x7fffd05dd680;
 .timescale 0 0;
    .port_info 0 /INPUT 1 "clk";
    .port_info 1 /INPUT 1 "reset";
    .port_info 2 /INPUT 1 "load";
    .port_info 3 /INPUT 4 "parallel_in";
    .port_info 4 /OUTPUT 4 "parallel_out";
v0x7fffd05dd810_0 .net "clk", 0 0, v0x7fffd0606bf0_0;  1 drivers
v0x7fffd06067b0_0 .net "load", 0 0, v0x7fffd0606cb0_0;  1 drivers
v0x7fffd0606870_0 .net "parallel_in", 3 0, v0x7fffd0606d80_0;  1 drivers
v0x7fffd0606960_0 .var "parallel_out", 3 0;
v0x7fffd0606a40_0 .net "reset", 0 0, v0x7fffd0606f50_0;  1 drivers
E_0x7fffd05b6d90 .event posedge, v0x7fffd0606a40_0, v0x7fffd05dd810_0;
    .scope S_0x7fffd05f0440;
T_0 ;
    %wait E_0x7fffd05b6d90;
    %load/vec4 v0x7fffd0606a40_0;
    %flag_set/vec4 8;
    %jmp/0xz  T_0.0, 8;
    %pushi/vec4 0, 0, 4;
    %assign/vec4 v0x7fffd0606960_0, 0;
    %jmp T_0.1;
T_0.0 ;
    %load/vec4 v0x7fffd06067b0_0;
    %flag_set/vec4 8;
    %jmp/0xz  T_0.2, 8;
    %load/vec4 v0x7fffd0606870_0;
    %assign/vec4 v0x7fffd0606960_0, 0;
    %jmp T_0.3;
T_0.2 ;
    %load/vec4 v0x7fffd0606960_0;
    %assign/vec4 v0x7fffd0606960_0, 0;
T_0.3 ;
T_0.1 ;
    %jmp T_0;
    .thread T_0;
    .scope S_0x7fffd05dd680;
T_1 ;
    %pushi/vec4 0, 0, 1;
    %store/vec4 v0x7fffd0606bf0_0, 0, 1;
T_1.0 ;
    %delay 5, 0;
    %load/vec4 v0x7fffd0606bf0_0;
    %inv;
    %store/vec4 v0x7fffd0606bf0_0, 0, 1;
    %jmp T_1.0;
    %end;
    .thread T_1;
    .scope S_0x7fffd05dd680;
T_2 ;
    %vpi_call 2 21 "$dumpfile", "pipo_async.vcd" {0 0 0};
    %vpi_call 2 22 "$dumpvars", 32'sb00000000000000000000000000000000, S_0x7fffd05dd680 {0 0 0};
    %vpi_call 2 24 "$display", "Time\011 clk reset load parallel_in parallel_out" {0 0 0};
    %vpi_call 2 25 "$monitor", "%0t\011 %b  %b  %b  %b  %b", $time, v0x7fffd0606bf0_0, v0x7fffd0606f50_0, v0x7fffd0606cb0_0, v0x7fffd0606d80_0, v0x7fffd0606e80_0 {0 0 0};
    %pushi/vec4 1, 0, 1;
    %store/vec4 v0x7fffd0606f50_0, 0, 1;
    %pushi/vec4 0, 0, 1;
    %store/vec4 v0x7fffd0606cb0_0, 0, 1;
    %pushi/vec4 0, 0, 4;
    %store/vec4 v0x7fffd0606d80_0, 0, 4;
    %delay 7, 0;
    %pushi/vec4 0, 0, 1;
    %store/vec4 v0x7fffd0606f50_0, 0, 1;
    %delay 3, 0;
    %pushi/vec4 1, 0, 1;
    %store/vec4 v0x7fffd0606cb0_0, 0, 1;
    %pushi/vec4 10, 0, 4;
    %store/vec4 v0x7fffd0606d80_0, 0, 4;
    %delay 10, 0;
    %pushi/vec4 0, 0, 1;
    %store/vec4 v0x7fffd0606cb0_0, 0, 1;
    %delay 20, 0;
    %pushi/vec4 1, 0, 1;
    %store/vec4 v0x7fffd0606f50_0, 0, 1;
    %delay 4, 0;
    %pushi/vec4 0, 0, 1;
    %store/vec4 v0x7fffd0606f50_0, 0, 1;
    %delay 6, 0;
    %pushi/vec4 1, 0, 1;
    %store/vec4 v0x7fffd0606cb0_0, 0, 1;
    %pushi/vec4 13, 0, 4;
    %store/vec4 v0x7fffd0606d80_0, 0, 4;
    %delay 10, 0;
    %pushi/vec4 0, 0, 1;
    %store/vec4 v0x7fffd0606cb0_0, 0, 1;
    %delay 20, 0;
    %vpi_call 2 36 "$finish" {0 0 0};
    %end;
    .thread T_2;
# The file index is used to find the file name in the following table.
:file_names 4;
    "N/A";
    "<interactive>";
    "tb_pipo_async.v";
    "pipo_async.v";
