#! /usr/bin/vvp
:ivl_version "12.0 (stable)";
:ivl_delay_selection "TYPICAL";
:vpi_time_precision + 0;
:vpi_module "/usr/lib/x86_64-linux-gnu/ivl/system.vpi";
:vpi_module "/usr/lib/x86_64-linux-gnu/ivl/vhdl_sys.vpi";
:vpi_module "/usr/lib/x86_64-linux-gnu/ivl/vhdl_textio.vpi";
:vpi_module "/usr/lib/x86_64-linux-gnu/ivl/v2005_math.vpi";
:vpi_module "/usr/lib/x86_64-linux-gnu/ivl/va_math.vpi";
S_0x7fffcfbab7f0 .scope module, "tb_half_subtractor" "tb_half_subtractor" 2 1;
 .timescale 0 0;
v0x7fffcfbbe800_0 .var "A", 0 0;
v0x7fffcfbbe8c0_0 .var "B", 0 0;
v0x7fffcfbbe960_0 .net "Borrow", 0 0, L_0x7fffcfbbed00;  1 drivers
v0x7fffcfbbea60_0 .net "Diff", 0 0, L_0x7fffcfbbeb30;  1 drivers
S_0x7fffcfbab980 .scope module, "hs" "half_subtractor" 2 5, 3 1 0, S_0x7fffcfbab7f0;
 .timescale 0 0;
    .port_info 0 /INPUT 1 "A";
    .port_info 1 /INPUT 1 "B";
    .port_info 2 /OUTPUT 1 "Diff";
    .port_info 3 /OUTPUT 1 "Borrow";
L_0x7fffcfbbeb30 .functor XOR 1, v0x7fffcfbbe800_0, v0x7fffcfbbe8c0_0, C4<0>, C4<0>;
L_0x7fffcfbbec90 .functor NOT 1, v0x7fffcfbbe800_0, C4<0>, C4<0>, C4<0>;
L_0x7fffcfbbed00 .functor AND 1, L_0x7fffcfbbec90, v0x7fffcfbbe8c0_0, C4<1>, C4<1>;
v0x7fffcfbabbd0_0 .net "A", 0 0, v0x7fffcfbbe800_0;  1 drivers
v0x7fffcfbbe430_0 .net "B", 0 0, v0x7fffcfbbe8c0_0;  1 drivers
v0x7fffcfbbe4f0_0 .net "Borrow", 0 0, L_0x7fffcfbbed00;  alias, 1 drivers
v0x7fffcfbbe590_0 .net "Diff", 0 0, L_0x7fffcfbbeb30;  alias, 1 drivers
v0x7fffcfbbe650_0 .net *"_ivl_2", 0 0, L_0x7fffcfbbec90;  1 drivers
    .scope S_0x7fffcfbab7f0;
T_0 ;
    %vpi_call 2 8 "$monitor", "Time=%0t A=%b B=%b | Diff=%b Borrow=%b", $time, v0x7fffcfbbe800_0, v0x7fffcfbbe8c0_0, v0x7fffcfbbea60_0, v0x7fffcfbbe960_0 {0 0 0};
    %pushi/vec4 0, 0, 1;
    %store/vec4 v0x7fffcfbbe800_0, 0, 1;
    %pushi/vec4 0, 0, 1;
    %store/vec4 v0x7fffcfbbe8c0_0, 0, 1;
    %delay 10, 0;
    %pushi/vec4 0, 0, 1;
    %store/vec4 v0x7fffcfbbe800_0, 0, 1;
    %pushi/vec4 1, 0, 1;
    %store/vec4 v0x7fffcfbbe8c0_0, 0, 1;
    %delay 10, 0;
    %pushi/vec4 1, 0, 1;
    %store/vec4 v0x7fffcfbbe800_0, 0, 1;
    %pushi/vec4 0, 0, 1;
    %store/vec4 v0x7fffcfbbe8c0_0, 0, 1;
    %delay 10, 0;
    %pushi/vec4 1, 0, 1;
    %store/vec4 v0x7fffcfbbe800_0, 0, 1;
    %pushi/vec4 1, 0, 1;
    %store/vec4 v0x7fffcfbbe8c0_0, 0, 1;
    %delay 10, 0;
    %vpi_call 2 15 "$finish" {0 0 0};
    %end;
    .thread T_0;
# The file index is used to find the file name in the following table.
:file_names 4;
    "N/A";
    "<interactive>";
    "tb_half_subtractor.v";
    "half_subtractor.v";
