#! /usr/bin/vvp
:ivl_version "12.0 (stable)";
:ivl_delay_selection "TYPICAL";
:vpi_time_precision + 0;
:vpi_module "/usr/lib/x86_64-linux-gnu/ivl/system.vpi";
:vpi_module "/usr/lib/x86_64-linux-gnu/ivl/vhdl_sys.vpi";
:vpi_module "/usr/lib/x86_64-linux-gnu/ivl/vhdl_textio.vpi";
:vpi_module "/usr/lib/x86_64-linux-gnu/ivl/v2005_math.vpi";
:vpi_module "/usr/lib/x86_64-linux-gnu/ivl/va_math.vpi";
S_0x7fffc25677b0 .scope module, "tb_half_adder" "tb_half_adder" 2 1;
 .timescale 0 0;
v0x7fffc257b980_0 .var "a", 0 0;
v0x7fffc257ba40_0 .var "b", 0 0;
v0x7fffc257bb10_0 .net "carry", 0 0, L_0x7fffc257be40;  1 drivers
v0x7fffc257bc10_0 .net "sum", 0 0, L_0x7fffc257bce0;  1 drivers
S_0x7fffc2567940 .scope module, "ha1" "half_adder" 2 5, 3 1 0, S_0x7fffc25677b0;
 .timescale 0 0;
    .port_info 0 /INPUT 1 "a";
    .port_info 1 /INPUT 1 "b";
    .port_info 2 /OUTPUT 1 "sum";
    .port_info 3 /OUTPUT 1 "carry";
L_0x7fffc257bce0 .functor XOR 1, v0x7fffc257b980_0, v0x7fffc257ba40_0, C4<0>, C4<0>;
L_0x7fffc257be40 .functor AND 1, v0x7fffc257b980_0, v0x7fffc257ba40_0, C4<1>, C4<1>;
v0x7fffc2567b90_0 .net "a", 0 0, v0x7fffc257b980_0;  1 drivers
v0x7fffc257b6b0_0 .net "b", 0 0, v0x7fffc257ba40_0;  1 drivers
v0x7fffc257b770_0 .net "carry", 0 0, L_0x7fffc257be40;  alias, 1 drivers
v0x7fffc257b810_0 .net "sum", 0 0, L_0x7fffc257bce0;  alias, 1 drivers
    .scope S_0x7fffc25677b0;
T_0 ;
    %vpi_call 2 13 "$display", "A B | SUM CARRY" {0 0 0};
    %vpi_call 2 14 "$display", "---------------" {0 0 0};
    %pushi/vec4 0, 0, 1;
    %store/vec4 v0x7fffc257b980_0, 0, 1;
    %pushi/vec4 0, 0, 1;
    %store/vec4 v0x7fffc257ba40_0, 0, 1;
    %delay 10, 0;
    %vpi_call 2 15 "$display", "%b %b |  %b    %b", v0x7fffc257b980_0, v0x7fffc257ba40_0, v0x7fffc257bc10_0, v0x7fffc257bb10_0 {0 0 0};
    %pushi/vec4 0, 0, 1;
    %store/vec4 v0x7fffc257b980_0, 0, 1;
    %pushi/vec4 1, 0, 1;
    %store/vec4 v0x7fffc257ba40_0, 0, 1;
    %delay 10, 0;
    %vpi_call 2 16 "$display", "%b %b |  %b    %b", v0x7fffc257b980_0, v0x7fffc257ba40_0, v0x7fffc257bc10_0, v0x7fffc257bb10_0 {0 0 0};
    %pushi/vec4 1, 0, 1;
    %store/vec4 v0x7fffc257b980_0, 0, 1;
    %pushi/vec4 0, 0, 1;
    %store/vec4 v0x7fffc257ba40_0, 0, 1;
    %delay 10, 0;
    %vpi_call 2 17 "$display", "%b %b |  %b    %b", v0x7fffc257b980_0, v0x7fffc257ba40_0, v0x7fffc257bc10_0, v0x7fffc257bb10_0 {0 0 0};
    %pushi/vec4 1, 0, 1;
    %store/vec4 v0x7fffc257b980_0, 0, 1;
    %pushi/vec4 1, 0, 1;
    %store/vec4 v0x7fffc257ba40_0, 0, 1;
    %delay 10, 0;
    %vpi_call 2 18 "$display", "%b %b |  %b    %b", v0x7fffc257b980_0, v0x7fffc257ba40_0, v0x7fffc257bc10_0, v0x7fffc257bb10_0 {0 0 0};
    %vpi_call 2 19 "$finish" {0 0 0};
    %end;
    .thread T_0;
# The file index is used to find the file name in the following table.
:file_names 4;
    "N/A";
    "<interactive>";
    "tb_half_adder.v";
    "half_adder.v";
