#! /usr/bin/vvp
:ivl_version "12.0 (stable)";
:ivl_delay_selection "TYPICAL";
:vpi_time_precision + 0;
:vpi_module "/usr/lib/x86_64-linux-gnu/ivl/system.vpi";
:vpi_module "/usr/lib/x86_64-linux-gnu/ivl/vhdl_sys.vpi";
:vpi_module "/usr/lib/x86_64-linux-gnu/ivl/vhdl_textio.vpi";
:vpi_module "/usr/lib/x86_64-linux-gnu/ivl/v2005_math.vpi";
:vpi_module "/usr/lib/x86_64-linux-gnu/ivl/va_math.vpi";
S_0x7fffed6fd790 .scope module, "mux4to1_tb" "mux4to1_tb" 2 1;
 .timescale 0 0;
v0x7fffed718190_0 .var "i0", 0 0;
v0x7fffed718250_0 .var "i1", 0 0;
v0x7fffed718320_0 .var "i2", 0 0;
v0x7fffed718420_0 .var "i3", 0 0;
v0x7fffed7184f0_0 .var "sel", 1 0;
v0x7fffed7185e0_0 .net "y", 0 0, v0x7fffed718010_0;  1 drivers
S_0x7fffed6fd920 .scope module, "uut" "mux4to1_beh" 2 5, 3 1 0, S_0x7fffed6fd790;
 .timescale 0 0;
    .port_info 0 /INPUT 1 "i0";
    .port_info 1 /INPUT 1 "i1";
    .port_info 2 /INPUT 1 "i2";
    .port_info 3 /INPUT 1 "i3";
    .port_info 4 /INPUT 2 "sel";
    .port_info 5 /OUTPUT 1 "y";
v0x7fffed6c3490_0 .net "i0", 0 0, v0x7fffed718190_0;  1 drivers
v0x7fffed717cc0_0 .net "i1", 0 0, v0x7fffed718250_0;  1 drivers
v0x7fffed717d80_0 .net "i2", 0 0, v0x7fffed718320_0;  1 drivers
v0x7fffed717e20_0 .net "i3", 0 0, v0x7fffed718420_0;  1 drivers
v0x7fffed717ee0_0 .net "sel", 1 0, v0x7fffed7184f0_0;  1 drivers
v0x7fffed718010_0 .var "y", 0 0;
E_0x7fffed6fc510/0 .event anyedge, v0x7fffed717ee0_0, v0x7fffed6c3490_0, v0x7fffed717cc0_0, v0x7fffed717d80_0;
E_0x7fffed6fc510/1 .event anyedge, v0x7fffed717e20_0;
E_0x7fffed6fc510 .event/or E_0x7fffed6fc510/0, E_0x7fffed6fc510/1;
    .scope S_0x7fffed6fd920;
T_0 ;
    %wait E_0x7fffed6fc510;
    %load/vec4 v0x7fffed717ee0_0;
    %dup/vec4;
    %pushi/vec4 0, 0, 2;
    %cmp/u;
    %jmp/1 T_0.0, 6;
    %dup/vec4;
    %pushi/vec4 1, 0, 2;
    %cmp/u;
    %jmp/1 T_0.1, 6;
    %dup/vec4;
    %pushi/vec4 2, 0, 2;
    %cmp/u;
    %jmp/1 T_0.2, 6;
    %dup/vec4;
    %pushi/vec4 3, 0, 2;
    %cmp/u;
    %jmp/1 T_0.3, 6;
    %jmp T_0.4;
T_0.0 ;
    %load/vec4 v0x7fffed6c3490_0;
    %store/vec4 v0x7fffed718010_0, 0, 1;
    %jmp T_0.4;
T_0.1 ;
    %load/vec4 v0x7fffed717cc0_0;
    %store/vec4 v0x7fffed718010_0, 0, 1;
    %jmp T_0.4;
T_0.2 ;
    %load/vec4 v0x7fffed717d80_0;
    %store/vec4 v0x7fffed718010_0, 0, 1;
    %jmp T_0.4;
T_0.3 ;
    %load/vec4 v0x7fffed717e20_0;
    %store/vec4 v0x7fffed718010_0, 0, 1;
    %jmp T_0.4;
T_0.4 ;
    %pop/vec4 1;
    %jmp T_0;
    .thread T_0, $push;
    .scope S_0x7fffed6fd790;
T_1 ;
    %vpi_call 2 14 "$dumpfile", "mux4to1.vcd" {0 0 0};
    %vpi_call 2 15 "$dumpvars", 32'sb00000000000000000000000000000000, S_0x7fffed6fd790 {0 0 0};
    %vpi_call 2 16 "$monitor", "Time=%0t | i0=%b i1=%b i2=%b i3=%b sel=%b | y=%b", $time, v0x7fffed718190_0, v0x7fffed718250_0, v0x7fffed718320_0, v0x7fffed718420_0, v0x7fffed7184f0_0, v0x7fffed7185e0_0 {0 0 0};
    %pushi/vec4 0, 0, 1;
    %store/vec4 v0x7fffed718190_0, 0, 1;
    %pushi/vec4 0, 0, 1;
    %store/vec4 v0x7fffed718250_0, 0, 1;
    %pushi/vec4 0, 0, 1;
    %store/vec4 v0x7fffed718320_0, 0, 1;
    %pushi/vec4 0, 0, 1;
    %store/vec4 v0x7fffed718420_0, 0, 1;
    %pushi/vec4 0, 0, 2;
    %store/vec4 v0x7fffed7184f0_0, 0, 2;
    %delay 10, 0;
    %pushi/vec4 0, 0, 1;
    %store/vec4 v0x7fffed718190_0, 0, 1;
    %pushi/vec4 1, 0, 1;
    %store/vec4 v0x7fffed718250_0, 0, 1;
    %pushi/vec4 0, 0, 1;
    %store/vec4 v0x7fffed718320_0, 0, 1;
    %pushi/vec4 0, 0, 1;
    %store/vec4 v0x7fffed718420_0, 0, 1;
    %pushi/vec4 1, 0, 2;
    %store/vec4 v0x7fffed7184f0_0, 0, 2;
    %delay 10, 0;
    %pushi/vec4 1, 0, 1;
    %store/vec4 v0x7fffed718190_0, 0, 1;
    %pushi/vec4 0, 0, 1;
    %store/vec4 v0x7fffed718250_0, 0, 1;
    %pushi/vec4 0, 0, 1;
    %store/vec4 v0x7fffed718320_0, 0, 1;
    %pushi/vec4 0, 0, 1;
    %store/vec4 v0x7fffed718420_0, 0, 1;
    %pushi/vec4 2, 0, 2;
    %store/vec4 v0x7fffed7184f0_0, 0, 2;
    %delay 10, 0;
    %pushi/vec4 0, 0, 1;
    %store/vec4 v0x7fffed718190_0, 0, 1;
    %pushi/vec4 0, 0, 1;
    %store/vec4 v0x7fffed718250_0, 0, 1;
    %pushi/vec4 1, 0, 1;
    %store/vec4 v0x7fffed718320_0, 0, 1;
    %pushi/vec4 0, 0, 1;
    %store/vec4 v0x7fffed718420_0, 0, 1;
    %pushi/vec4 3, 0, 2;
    %store/vec4 v0x7fffed7184f0_0, 0, 2;
    %delay 10, 0;
    %pushi/vec4 1, 0, 1;
    %store/vec4 v0x7fffed718190_0, 0, 1;
    %pushi/vec4 1, 0, 1;
    %store/vec4 v0x7fffed718250_0, 0, 1;
    %pushi/vec4 0, 0, 1;
    %store/vec4 v0x7fffed718320_0, 0, 1;
    %pushi/vec4 0, 0, 1;
    %store/vec4 v0x7fffed718420_0, 0, 1;
    %pushi/vec4 0, 0, 2;
    %store/vec4 v0x7fffed7184f0_0, 0, 2;
    %delay 10, 0;
    %pushi/vec4 1, 0, 1;
    %store/vec4 v0x7fffed718190_0, 0, 1;
    %pushi/vec4 0, 0, 1;
    %store/vec4 v0x7fffed718250_0, 0, 1;
    %pushi/vec4 1, 0, 1;
    %store/vec4 v0x7fffed718320_0, 0, 1;
    %pushi/vec4 0, 0, 1;
    %store/vec4 v0x7fffed718420_0, 0, 1;
    %pushi/vec4 1, 0, 2;
    %store/vec4 v0x7fffed7184f0_0, 0, 2;
    %delay 10, 0;
    %pushi/vec4 0, 0, 1;
    %store/vec4 v0x7fffed718190_0, 0, 1;
    %pushi/vec4 1, 0, 1;
    %store/vec4 v0x7fffed718250_0, 0, 1;
    %pushi/vec4 1, 0, 1;
    %store/vec4 v0x7fffed718320_0, 0, 1;
    %pushi/vec4 1, 0, 1;
    %store/vec4 v0x7fffed718420_0, 0, 1;
    %pushi/vec4 2, 0, 2;
    %store/vec4 v0x7fffed7184f0_0, 0, 2;
    %delay 10, 0;
    %pushi/vec4 1, 0, 1;
    %store/vec4 v0x7fffed718190_0, 0, 1;
    %pushi/vec4 0, 0, 1;
    %store/vec4 v0x7fffed718250_0, 0, 1;
    %pushi/vec4 0, 0, 1;
    %store/vec4 v0x7fffed718320_0, 0, 1;
    %pushi/vec4 1, 0, 1;
    %store/vec4 v0x7fffed718420_0, 0, 1;
    %pushi/vec4 3, 0, 2;
    %store/vec4 v0x7fffed7184f0_0, 0, 2;
    %delay 10, 0;
    %vpi_call 2 26 "$finish" {0 0 0};
    %end;
    .thread T_1;
# The file index is used to find the file name in the following table.
:file_names 4;
    "N/A";
    "<interactive>";
    "mux4to1_tb.v";
    "mux4to1_beh.v";
