#! /usr/bin/vvp
:ivl_version "12.0 (stable)";
:ivl_delay_selection "TYPICAL";
:vpi_time_precision + 0;
:vpi_module "/usr/lib/x86_64-linux-gnu/ivl/system.vpi";
:vpi_module "/usr/lib/x86_64-linux-gnu/ivl/vhdl_sys.vpi";
:vpi_module "/usr/lib/x86_64-linux-gnu/ivl/vhdl_textio.vpi";
:vpi_module "/usr/lib/x86_64-linux-gnu/ivl/v2005_math.vpi";
:vpi_module "/usr/lib/x86_64-linux-gnu/ivl/va_math.vpi";
S_0x7fffd01977a0 .scope module, "tb_sipo_async" "tb_sipo_async" 2 1;
 .timescale 0 0;
v0x7fffd01c0810_0 .var "clk", 0 0;
v0x7fffd01c08d0_0 .net "parallel_out", 3 0, L_0x7fffd01c0b70;  1 drivers
v0x7fffd01c09a0_0 .var "reset", 0 0;
v0x7fffd01c0aa0_0 .var "serial_in", 0 0;
S_0x7fffd01aa460 .scope module, "uut" "sipo_async" 2 8, 3 1 0, S_0x7fffd01977a0;
 .timescale 0 0;
    .port_info 0 /INPUT 1 "clk";
    .port_info 1 /INPUT 1 "reset";
    .port_info 2 /INPUT 1 "serial_in";
    .port_info 3 /OUTPUT 4 "parallel_out";
L_0x7fffd01c0b70 .functor BUFZ 4, v0x7fffd01c0660_0, C4<0000>, C4<0000>, C4<0000>;
v0x7fffd01aa660_0 .net "clk", 0 0, v0x7fffd01c0810_0;  1 drivers
v0x7fffd01c0420_0 .net "parallel_out", 3 0, L_0x7fffd01c0b70;  alias, 1 drivers
v0x7fffd01c0500_0 .net "reset", 0 0, v0x7fffd01c09a0_0;  1 drivers
v0x7fffd01c05a0_0 .net "serial_in", 0 0, v0x7fffd01c0aa0_0;  1 drivers
v0x7fffd01c0660_0 .var "shift_reg", 3 0;
E_0x7fffd01a92e0 .event posedge, v0x7fffd01c0500_0, v0x7fffd01aa660_0;
    .scope S_0x7fffd01aa460;
T_0 ;
    %wait E_0x7fffd01a92e0;
    %load/vec4 v0x7fffd01c0500_0;
    %flag_set/vec4 8;
    %jmp/0xz  T_0.0, 8;
    %pushi/vec4 0, 0, 4;
    %assign/vec4 v0x7fffd01c0660_0, 0;
    %jmp T_0.1;
T_0.0 ;
    %load/vec4 v0x7fffd01c0660_0;
    %parti/s 3, 0, 2;
    %load/vec4 v0x7fffd01c05a0_0;
    %concat/vec4; draw_concat_vec4
    %assign/vec4 v0x7fffd01c0660_0, 0;
T_0.1 ;
    %jmp T_0;
    .thread T_0;
    .scope S_0x7fffd01977a0;
T_1 ;
    %pushi/vec4 0, 0, 1;
    %store/vec4 v0x7fffd01c0810_0, 0, 1;
T_1.0 ;
    %delay 5, 0;
    %load/vec4 v0x7fffd01c0810_0;
    %inv;
    %store/vec4 v0x7fffd01c0810_0, 0, 1;
    %jmp T_1.0;
    %end;
    .thread T_1;
    .scope S_0x7fffd01977a0;
T_2 ;
    %vpi_call 2 21 "$dumpfile", "sipo_async.vcd" {0 0 0};
    %vpi_call 2 22 "$dumpvars", 32'sb00000000000000000000000000000000, S_0x7fffd01977a0 {0 0 0};
    %vpi_call 2 24 "$display", "Time\011 clk reset serial_in parallel_out" {0 0 0};
    %vpi_call 2 25 "$monitor", "%0t\011 %b  %b  %b  %b", $time, v0x7fffd01c0810_0, v0x7fffd01c09a0_0, v0x7fffd01c0aa0_0, v0x7fffd01c08d0_0 {0 0 0};
    %pushi/vec4 1, 0, 1;
    %store/vec4 v0x7fffd01c09a0_0, 0, 1;
    %pushi/vec4 0, 0, 1;
    %store/vec4 v0x7fffd01c0aa0_0, 0, 1;
    %delay 7, 0;
    %pushi/vec4 0, 0, 1;
    %store/vec4 v0x7fffd01c09a0_0, 0, 1;
    %delay 3, 0;
    %pushi/vec4 1, 0, 1;
    %store/vec4 v0x7fffd01c0aa0_0, 0, 1;
    %delay 10, 0;
    %pushi/vec4 0, 0, 1;
    %store/vec4 v0x7fffd01c0aa0_0, 0, 1;
    %delay 10, 0;
    %pushi/vec4 1, 0, 1;
    %store/vec4 v0x7fffd01c0aa0_0, 0, 1;
    %delay 10, 0;
    %pushi/vec4 1, 0, 1;
    %store/vec4 v0x7fffd01c0aa0_0, 0, 1;
    %delay 10, 0;
    %pushi/vec4 1, 0, 1;
    %store/vec4 v0x7fffd01c09a0_0, 0, 1;
    %delay 4, 0;
    %pushi/vec4 0, 0, 1;
    %store/vec4 v0x7fffd01c09a0_0, 0, 1;
    %delay 6, 0;
    %pushi/vec4 1, 0, 1;
    %store/vec4 v0x7fffd01c0aa0_0, 0, 1;
    %delay 10, 0;
    %pushi/vec4 0, 0, 1;
    %store/vec4 v0x7fffd01c0aa0_0, 0, 1;
    %delay 10, 0;
    %delay 20, 0;
    %vpi_call 2 42 "$finish" {0 0 0};
    %end;
    .thread T_2;
# The file index is used to find the file name in the following table.
:file_names 4;
    "N/A";
    "<interactive>";
    "tb_sipo_async.v";
    "sipo_async.v";
