#! /usr/bin/vvp
:ivl_version "12.0 (stable)";
:ivl_delay_selection "TYPICAL";
:vpi_time_precision + 0;
:vpi_module "/usr/lib/x86_64-linux-gnu/ivl/system.vpi";
:vpi_module "/usr/lib/x86_64-linux-gnu/ivl/vhdl_sys.vpi";
:vpi_module "/usr/lib/x86_64-linux-gnu/ivl/vhdl_textio.vpi";
:vpi_module "/usr/lib/x86_64-linux-gnu/ivl/v2005_math.vpi";
:vpi_module "/usr/lib/x86_64-linux-gnu/ivl/va_math.vpi";
S_0x7fffd7369490 .scope module, "wire_reg_demo" "wire_reg_demo" 2 1;
 .timescale 0 0;
L_0x7f498b9e0018 .functor BUFT 1, C4<1>, C4<0>, C4<0>, C4<0>;
L_0x7fffd73b4280 .functor BUFZ 1, L_0x7f498b9e0018, C4<0>, C4<0>, C4<0>;
L_0x7fffd73b4360 .functor BUFZ 1, v0x7fffd73b4120_0, C4<0>, C4<0>, C4<0>;
v0x7fffd7369620_0 .net "net1", 0 0, L_0x7f498b9e0018;  1 drivers
v0x7fffd73b4060_0 .net "net2", 0 0, L_0x7fffd73b4280;  1 drivers
v0x7fffd73b4120_0 .var "reg1", 0 0;
v0x7fffd73b41c0_0 .net "w_from_reg", 0 0, L_0x7fffd73b4360;  1 drivers
    .scope S_0x7fffd7369490;
T_0 ;
    %vpi_call 2 10 "$dumpfile", "wave.vcd" {0 0 0};
    %vpi_call 2 11 "$dumpvars", 32'sb00000000000000000000000000000000, S_0x7fffd7369490 {0 0 0};
    %pushi/vec4 0, 0, 1;
    %store/vec4 v0x7fffd73b4120_0, 0, 1;
    %vpi_call 2 13 "$display", "=== Wire and Reg Demonstration ===" {0 0 0};
    %vpi_call 2 14 "$display", "Time=%0t : net1=%b, net2=%b, reg1=%b, w_from_reg=%b", $time, v0x7fffd7369620_0, v0x7fffd73b4060_0, v0x7fffd73b4120_0, v0x7fffd73b41c0_0 {0 0 0};
    %delay 10, 0;
    %pushi/vec4 1, 0, 1;
    %store/vec4 v0x7fffd73b4120_0, 0, 1;
    %vpi_call 2 16 "$display", "Time=%0t : net1=%b, net2=%b, reg1=%b, w_from_reg=%b", $time, v0x7fffd7369620_0, v0x7fffd73b4060_0, v0x7fffd73b4120_0, v0x7fffd73b41c0_0 {0 0 0};
    %delay 10, 0;
    %vpi_call 2 17 "$finish" {0 0 0};
    %end;
    .thread T_0;
# The file index is used to find the file name in the following table.
:file_names 3;
    "N/A";
    "<interactive>";
    "wire_reg_demo.v";
