#! /usr/bin/vvp
:ivl_version "12.0 (stable)";
:ivl_delay_selection "TYPICAL";
:vpi_time_precision + 0;
:vpi_module "/usr/lib/x86_64-linux-gnu/ivl/system.vpi";
:vpi_module "/usr/lib/x86_64-linux-gnu/ivl/vhdl_sys.vpi";
:vpi_module "/usr/lib/x86_64-linux-gnu/ivl/vhdl_textio.vpi";
:vpi_module "/usr/lib/x86_64-linux-gnu/ivl/v2005_math.vpi";
:vpi_module "/usr/lib/x86_64-linux-gnu/ivl/va_math.vpi";
S_0x7fffd88cb3c0 .scope module, "demux1to2_tb" "demux1to2_tb" 2 1;
 .timescale 0 0;
v0x7fffd88dec00_0 .var "din", 0 0;
v0x7fffd88decc0_0 .var "sel", 0 0;
v0x7fffd88ded90_0 .net "y0", 0 0, v0x7fffd88de9c0_0;  1 drivers
v0x7fffd88dee90_0 .net "y1", 0 0, v0x7fffd88dea90_0;  1 drivers
S_0x7fffd88cb550 .scope module, "uut" "demux1to2_beh" 2 5, 3 1 0, S_0x7fffd88cb3c0;
 .timescale 0 0;
    .port_info 0 /INPUT 1 "din";
    .port_info 1 /INPUT 1 "sel";
    .port_info 2 /OUTPUT 1 "y0";
    .port_info 3 /OUTPUT 1 "y1";
v0x7fffd8891490_0 .net "din", 0 0, v0x7fffd88dec00_0;  1 drivers
v0x7fffd88de900_0 .net "sel", 0 0, v0x7fffd88decc0_0;  1 drivers
v0x7fffd88de9c0_0 .var "y0", 0 0;
v0x7fffd88dea90_0 .var "y1", 0 0;
E_0x7fffd88926a0 .event anyedge, v0x7fffd88de900_0, v0x7fffd8891490_0;
    .scope S_0x7fffd88cb550;
T_0 ;
    %wait E_0x7fffd88926a0;
    %load/vec4 v0x7fffd88de900_0;
    %cmpi/e 0, 0, 1;
    %jmp/0xz  T_0.0, 4;
    %load/vec4 v0x7fffd8891490_0;
    %store/vec4 v0x7fffd88de9c0_0, 0, 1;
    %pushi/vec4 0, 0, 1;
    %store/vec4 v0x7fffd88dea90_0, 0, 1;
    %jmp T_0.1;
T_0.0 ;
    %pushi/vec4 0, 0, 1;
    %store/vec4 v0x7fffd88de9c0_0, 0, 1;
    %load/vec4 v0x7fffd8891490_0;
    %store/vec4 v0x7fffd88dea90_0, 0, 1;
T_0.1 ;
    %jmp T_0;
    .thread T_0, $push;
    .scope S_0x7fffd88cb3c0;
T_1 ;
    %vpi_call 2 13 "$dumpfile", "demux1to2.vcd" {0 0 0};
    %vpi_call 2 14 "$dumpvars", 32'sb00000000000000000000000000000000, S_0x7fffd88cb3c0 {0 0 0};
    %vpi_call 2 15 "$monitor", "Time=%0t | din=%b sel=%b | y0=%b y1=%b", $time, v0x7fffd88dec00_0, v0x7fffd88decc0_0, v0x7fffd88ded90_0, v0x7fffd88dee90_0 {0 0 0};
    %pushi/vec4 0, 0, 1;
    %store/vec4 v0x7fffd88dec00_0, 0, 1;
    %pushi/vec4 0, 0, 1;
    %store/vec4 v0x7fffd88decc0_0, 0, 1;
    %delay 10, 0;
    %pushi/vec4 1, 0, 1;
    %store/vec4 v0x7fffd88dec00_0, 0, 1;
    %pushi/vec4 0, 0, 1;
    %store/vec4 v0x7fffd88decc0_0, 0, 1;
    %delay 10, 0;
    %pushi/vec4 0, 0, 1;
    %store/vec4 v0x7fffd88dec00_0, 0, 1;
    %pushi/vec4 1, 0, 1;
    %store/vec4 v0x7fffd88decc0_0, 0, 1;
    %delay 10, 0;
    %pushi/vec4 1, 0, 1;
    %store/vec4 v0x7fffd88dec00_0, 0, 1;
    %pushi/vec4 1, 0, 1;
    %store/vec4 v0x7fffd88decc0_0, 0, 1;
    %delay 10, 0;
    %vpi_call 2 21 "$finish" {0 0 0};
    %end;
    .thread T_1;
# The file index is used to find the file name in the following table.
:file_names 4;
    "N/A";
    "<interactive>";
    "demux1to2_tb.v";
    "demux1to2_beh.v";
