#! /usr/bin/vvp
:ivl_version "12.0 (stable)";
:ivl_delay_selection "TYPICAL";
:vpi_time_precision + 0;
:vpi_module "/usr/lib/x86_64-linux-gnu/ivl/system.vpi";
:vpi_module "/usr/lib/x86_64-linux-gnu/ivl/vhdl_sys.vpi";
:vpi_module "/usr/lib/x86_64-linux-gnu/ivl/vhdl_textio.vpi";
:vpi_module "/usr/lib/x86_64-linux-gnu/ivl/v2005_math.vpi";
:vpi_module "/usr/lib/x86_64-linux-gnu/ivl/va_math.vpi";
S_0x7fffe9367e30 .scope module, "tb_piso_sync" "tb_piso_sync" 2 1;
 .timescale 0 0;
v0x7fffe9390d30_0 .var "clk", 0 0;
v0x7fffe9390df0_0 .var "load", 0 0;
v0x7fffe9390ec0_0 .var "parallel_in", 3 0;
v0x7fffe9390fc0_0 .var "reset", 0 0;
v0x7fffe9391090_0 .net "serial_out", 0 0, L_0x7fffe9391180;  1 drivers
S_0x7fffe937a990 .scope module, "uut" "piso_sync" 2 7, 3 1 0, S_0x7fffe9367e30;
 .timescale 0 0;
    .port_info 0 /INPUT 1 "clk";
    .port_info 1 /INPUT 1 "reset";
    .port_info 2 /INPUT 1 "load";
    .port_info 3 /INPUT 4 "parallel_in";
    .port_info 4 /OUTPUT 1 "serial_out";
v0x7fffe937ab90_0 .net "clk", 0 0, v0x7fffe9390d30_0;  1 drivers
v0x7fffe9390860_0 .net "load", 0 0, v0x7fffe9390df0_0;  1 drivers
v0x7fffe9390920_0 .net "parallel_in", 3 0, v0x7fffe9390ec0_0;  1 drivers
v0x7fffe93909e0_0 .net "reset", 0 0, v0x7fffe9390fc0_0;  1 drivers
v0x7fffe9390aa0_0 .net "serial_out", 0 0, L_0x7fffe9391180;  alias, 1 drivers
v0x7fffe9390bb0_0 .var "shift_reg", 3 0;
E_0x7fffe93792e0 .event posedge, v0x7fffe937ab90_0;
L_0x7fffe9391180 .part v0x7fffe9390bb0_0, 3, 1;
    .scope S_0x7fffe937a990;
T_0 ;
    %wait E_0x7fffe93792e0;
    %load/vec4 v0x7fffe93909e0_0;
    %flag_set/vec4 8;
    %jmp/0xz  T_0.0, 8;
    %pushi/vec4 0, 0, 4;
    %assign/vec4 v0x7fffe9390bb0_0, 0;
    %jmp T_0.1;
T_0.0 ;
    %load/vec4 v0x7fffe9390860_0;
    %flag_set/vec4 8;
    %jmp/0xz  T_0.2, 8;
    %load/vec4 v0x7fffe9390920_0;
    %assign/vec4 v0x7fffe9390bb0_0, 0;
    %jmp T_0.3;
T_0.2 ;
    %load/vec4 v0x7fffe9390bb0_0;
    %parti/s 3, 0, 2;
    %concati/vec4 0, 0, 1;
    %assign/vec4 v0x7fffe9390bb0_0, 0;
T_0.3 ;
T_0.1 ;
    %jmp T_0;
    .thread T_0;
    .scope S_0x7fffe9367e30;
T_1 ;
    %pushi/vec4 0, 0, 1;
    %store/vec4 v0x7fffe9390d30_0, 0, 1;
T_1.0 ;
    %delay 5, 0;
    %load/vec4 v0x7fffe9390d30_0;
    %inv;
    %store/vec4 v0x7fffe9390d30_0, 0, 1;
    %jmp T_1.0;
    %end;
    .thread T_1;
    .scope S_0x7fffe9367e30;
T_2 ;
    %vpi_call 2 22 "$dumpfile", "piso_sync.vcd" {0 0 0};
    %vpi_call 2 23 "$dumpvars", 32'sb00000000000000000000000000000000, S_0x7fffe9367e30 {0 0 0};
    %vpi_call 2 25 "$display", "Time\011 clk reset load parallel_in serial_out" {0 0 0};
    %vpi_call 2 26 "$monitor", "%0t\011 %b  %b  %b  %b  %b", $time, v0x7fffe9390d30_0, v0x7fffe9390fc0_0, v0x7fffe9390df0_0, v0x7fffe9390ec0_0, v0x7fffe9391090_0 {0 0 0};
    %pushi/vec4 1, 0, 1;
    %store/vec4 v0x7fffe9390fc0_0, 0, 1;
    %pushi/vec4 0, 0, 1;
    %store/vec4 v0x7fffe9390df0_0, 0, 1;
    %pushi/vec4 0, 0, 4;
    %store/vec4 v0x7fffe9390ec0_0, 0, 4;
    %delay 10, 0;
    %pushi/vec4 0, 0, 1;
    %store/vec4 v0x7fffe9390fc0_0, 0, 1;
    %pushi/vec4 1, 0, 1;
    %store/vec4 v0x7fffe9390df0_0, 0, 1;
    %pushi/vec4 11, 0, 4;
    %store/vec4 v0x7fffe9390ec0_0, 0, 4;
    %delay 10, 0;
    %pushi/vec4 0, 0, 1;
    %store/vec4 v0x7fffe9390df0_0, 0, 1;
    %delay 40, 0;
    %pushi/vec4 1, 0, 1;
    %store/vec4 v0x7fffe9390df0_0, 0, 1;
    %pushi/vec4 12, 0, 4;
    %store/vec4 v0x7fffe9390ec0_0, 0, 4;
    %delay 10, 0;
    %pushi/vec4 0, 0, 1;
    %store/vec4 v0x7fffe9390df0_0, 0, 1;
    %delay 40, 0;
    %vpi_call 2 40 "$finish" {0 0 0};
    %end;
    .thread T_2;
# The file index is used to find the file name in the following table.
:file_names 4;
    "N/A";
    "<interactive>";
    "tb_piso_sync.v";
    "piso_sync.v";
